<?xml version="1.0" encoding="UTF-8"?>
<!-- Generated by org.testng.reporters.JUnitReportReporter -->
<testsuite hostname="WS-RSU" failures="0" tests="5" name="com.saimen.tests.flightreservation.FlightReservationTest" time="6.061" errors="0" timestamp="2025-03-04T09:12:21 WIB" skipped="0">
  <testcase classname="com.saimen.tests.flightreservation.FlightReservationTest" name="registrationConfirmationTest" time="1.676"/>
  <testcase classname="com.saimen.tests.flightreservation.FlightReservationTest" name="flightsReservationConfirmationTest" time="0.554"/>
  <testcase classname="com.saimen.tests.flightreservation.FlightReservationTest" name="flightSearchTest" time="1.656"/>
  <testcase classname="com.saimen.tests.flightreservation.FlightReservationTest" name="flightsSelectionTest" time="1.204"/>
  <testcase classname="com.saimen.tests.flightreservation.FlightReservationTest" name="userRegistration" time="0.971"/>
</testsuite> <!-- com.saimen.tests.flightreservation.FlightReservationTest -->
