<?xml version="1.0" encoding="UTF-8"?>
<!-- Generated by org.testng.reporters.JUnitReportReporter -->
<testsuite hostname="WS-RSU" failures="0" tests="9" name="com.saimen.tests.vendorportal.VendorPortalTest" time="12.826" errors="0" timestamp="2025-03-04T09:12:21 WIB" skipped="0">
  <testcase classname="com.saimen.tests.vendorportal.VendorPortalTest" name="logoutTest" time="1.284"/>
  <testcase classname="com.saimen.tests.vendorportal.VendorPortalTest" name="logoutTest" time="0.931"/>
  <testcase classname="com.saimen.tests.vendorportal.VendorPortalTest" name="logoutTest" time="1.295"/>
  <testcase classname="com.saimen.tests.vendorportal.VendorPortalTest" name="loginTest" time="0.892"/>
  <testcase classname="com.saimen.tests.vendorportal.VendorPortalTest" name="dashboardTest" time="2.483"/>
  <testcase classname="com.saimen.tests.vendorportal.VendorPortalTest" name="loginTest" time="0.819"/>
  <testcase classname="com.saimen.tests.vendorportal.VendorPortalTest" name="dashboardTest" time="1.586"/>
  <testcase classname="com.saimen.tests.vendorportal.VendorPortalTest" name="loginTest" time="0.895"/>
  <testcase classname="com.saimen.tests.vendorportal.VendorPortalTest" name="dashboardTest" time="2.641"/>
</testsuite> <!-- com.saimen.tests.vendorportal.VendorPortalTest -->
